#
# A fatal error has been detected by the Java Runtime Environment:
#
#  EXCEPTION_ACCESS_VIOLATION (0xc0000005) at pc=0x081f1cb0, pid=3152, tid=3156
#
# JRE version: 6.0_21-b06
# Java VM: Java HotSpot(TM) Client VM (17.0-b16 mixed mode, sharing windows-x86 )
# Problematic frame:
# C  0x081f1cb0
#
# If you would like to submit a bug report, please visit:
#   http://java.sun.com/webapps/bugreport/crash.jsp
# The crash happened outside the Java Virtual Machine in native code.
# See problematic frame for where to report the bug.
#

---------------  T H R E A D  ---------------

Current thread (0x03f08400):  JavaThread "AWT-EventQueue-0" [_thread_in_native, id=3156, stack(0x04720000,0x04770000)]

siginfo: ExceptionCode=0xc0000005, reading address 0x081f1cb0

Registers:
EAX=0x081f1cb0, EBX=0x082b98f0, ECX=0x00000c54, EDX=0x00000000
ESP=0x0476f0c8, EBP=0x0476f144, ESI=0x0481eab8, EDI=0x082b98f0
EIP=0x081f1cb0, EFLAGS=0x00010206

Top of Stack: (sp=0x0476f0c8)
0x0476f0c8:   63a5d4cc 084408d0 63a45875 00000000
0x0476f0d8:   00000017 0060eec0 08440758 0476f114
0x0476f0e8:   63a5ed16 048249c0 082b98f0 0481eab8
0x0476f0f8:   082b98f0 65c412ac 0481eab8 0476f124
0x0476f108:   04813348 048133e0 084408d0 0476f144
0x0476f118:   63a5ec99 00000000 048266b8 0476f144
0x0476f128:   08277ba0 081f1cb0 048249c0 00000001
0x0476f138:   048266b8 0476f13c 082b98f0 0476f174 

Instructions: (pc=0x081f1cb0)
0x081f1ca0:   
[error occurred during error reporting (printing registers, top of stack, instructions near pc), id 0xc0000005]

Stack: [0x04720000,0x04770000],  sp=0x0476f0c8,  free space=13c0476e558k
Native frames: (J=compiled Java code, j=interpreted, Vv=VM code, C=native code)
C  0x081f1cb0
C  [libgobject-2.0-0.dll+0x1ec70]
C  [libgobject-2.0-0.dll+0x77e9]
C  [libgobject-2.0-0.dll+0x70ae]
C  [libgstreamer-0.10.dll+0x1de03]
C  [jna7228302109228508073.dll+0xc7d9]
C  [jna7228302109228508073.dll+0x4561]
C  [jna7228302109228508073.dll+0x4ec1]
j  com.sun.jna.Function.invokePointer(I[Ljava/lang/Object;)Lcom/sun/jna/Pointer;+0
j  com.sun.jna.Function.invoke([Ljava/lang/Object;Ljava/lang/Class;Z)Ljava/lang/Object;+615
j  com.sun.jna.Function.invoke(Ljava/lang/Class;[Ljava/lang/Object;Ljava/util/Map;)Ljava/lang/Object;+214
j  com.sun.jna.Library$Handler.invoke(Ljava/lang/Object;Ljava/lang/reflect/Method;[Ljava/lang/Object;)Ljava/lang/Object;+341
j  org.gstreamer.$Proxy19.ptr_gst_element_factory_make(Ljava/lang/String;Ljava/lang/String;)Lcom/sun/jna/Pointer;+20
j  org.gstreamer.ElementFactory.makeRawElement(Ljava/lang/String;Ljava/lang/String;)Lcom/sun/jna/Pointer;+27
j  org.gstreamer.ElementFactory.make(Ljava/lang/String;Ljava/lang/String;)Lorg/gstreamer/Element;+24
j  Reproductor.Audio.runURL(Ljava/lang/String;)V+49
j  Interfaz.Principal.reproduceURL(Ljava/lang/String;)V+30
j  Interfaz.Principal.streamingListMouseClicked(Ljava/awt/event/MouseEvent;)V+84
j  Interfaz.Principal.access$900(LInterfaz/Principal;Ljava/awt/event/MouseEvent;)V+2
j  Interfaz.Principal$10.mouseClicked(Ljava/awt/event/MouseEvent;)V+5
j  java.awt.Component.processMouseEvent(Ljava/awt/event/MouseEvent;)V+74
j  java.awt.Component.processEvent(Ljava/awt/AWTEvent;)V+81
j  java.awt.List.processEvent(Ljava/awt/AWTEvent;)V+34
j  java.awt.Component.dispatchEventImpl(Ljava/awt/AWTEvent;)V+566
j  java.awt.Component.dispatchEvent(Ljava/awt/AWTEvent;)V+2
j  java.awt.EventQueue.dispatchEvent(Ljava/awt/AWTEvent;)V+46
J  java.awt.EventDispatchThread.pumpOneEventForFilters(I)Z
j  java.awt.EventDispatchThread.pumpEventsForFilter(ILjava/awt/Conditional;Ljava/awt/EventFilter;)V+30
j  java.awt.EventDispatchThread.pumpEventsForHierarchy(ILjava/awt/Conditional;Ljava/awt/Component;)V+11
j  java.awt.EventDispatchThread.pumpEvents(ILjava/awt/Conditional;)V+4
j  java.awt.EventDispatchThread.pumpEvents(Ljava/awt/Conditional;)V+3
j  java.awt.EventDispatchThread.run()V+9
v  ~StubRoutines::call_stub
V  [jvm.dll+0xf3abc]
V  [jvm.dll+0x1865b1]
V  [jvm.dll+0xf3c87]
V  [jvm.dll+0xf3cfd]
V  [jvm.dll+0x11dac0]
V  [jvm.dll+0x1e6fb4]
V  [jvm.dll+0x185f5c]
C  [msvcr71.dll+0x9565]
C  [kernel32.dll+0x51174]
C  [ntdll.dll+0x5b3f5]
C  [ntdll.dll+0x5b3c8]

Java frames: (J=compiled Java code, j=interpreted, Vv=VM code)
j  com.sun.jna.Function.invokePointer(I[Ljava/lang/Object;)Lcom/sun/jna/Pointer;+0
j  com.sun.jna.Function.invoke([Ljava/lang/Object;Ljava/lang/Class;Z)Ljava/lang/Object;+615
j  com.sun.jna.Function.invoke(Ljava/lang/Class;[Ljava/lang/Object;Ljava/util/Map;)Ljava/lang/Object;+214
j  com.sun.jna.Library$Handler.invoke(Ljava/lang/Object;Ljava/lang/reflect/Method;[Ljava/lang/Object;)Ljava/lang/Object;+341
j  org.gstreamer.$Proxy19.ptr_gst_element_factory_make(Ljava/lang/String;Ljava/lang/String;)Lcom/sun/jna/Pointer;+20
j  org.gstreamer.ElementFactory.makeRawElement(Ljava/lang/String;Ljava/lang/String;)Lcom/sun/jna/Pointer;+27
j  org.gstreamer.ElementFactory.make(Ljava/lang/String;Ljava/lang/String;)Lorg/gstreamer/Element;+24
j  Reproductor.Audio.runURL(Ljava/lang/String;)V+49
j  Interfaz.Principal.reproduceURL(Ljava/lang/String;)V+30
j  Interfaz.Principal.streamingListMouseClicked(Ljava/awt/event/MouseEvent;)V+84
j  Interfaz.Principal.access$900(LInterfaz/Principal;Ljava/awt/event/MouseEvent;)V+2
j  Interfaz.Principal$10.mouseClicked(Ljava/awt/event/MouseEvent;)V+5
j  java.awt.Component.processMouseEvent(Ljava/awt/event/MouseEvent;)V+74
j  java.awt.Component.processEvent(Ljava/awt/AWTEvent;)V+81
j  java.awt.List.processEvent(Ljava/awt/AWTEvent;)V+34
j  java.awt.Component.dispatchEventImpl(Ljava/awt/AWTEvent;)V+566
j  java.awt.Component.dispatchEvent(Ljava/awt/AWTEvent;)V+2
j  java.awt.EventQueue.dispatchEvent(Ljava/awt/AWTEvent;)V+46
J  java.awt.EventDispatchThread.pumpOneEventForFilters(I)Z
j  java.awt.EventDispatchThread.pumpEventsForFilter(ILjava/awt/Conditional;Ljava/awt/EventFilter;)V+30
j  java.awt.EventDispatchThread.pumpEventsForHierarchy(ILjava/awt/Conditional;Ljava/awt/Component;)V+11
j  java.awt.EventDispatchThread.pumpEvents(ILjava/awt/Conditional;)V+4
j  java.awt.EventDispatchThread.pumpEvents(Ljava/awt/Conditional;)V+3
j  java.awt.EventDispatchThread.run()V+9
v  ~StubRoutines::call_stub

---------------  P R O C E S S  ---------------

Java Threads: ( => current thread )
  0x040ae800 JavaThread "Swing-Shell" daemon [_thread_blocked, id=2132, stack(0x07c80000,0x07cd0000)]
  0x0409f000 JavaThread "D3D Screen Updater" daemon [_thread_blocked, id=3260, stack(0x066b0000,0x06700000)]
  0x03f96c00 JavaThread "TimerQueue" daemon [_thread_blocked, id=4052, stack(0x06570000,0x065c0000)]
  0x00599000 JavaThread "DestroyJavaVM" [_thread_blocked, id=2096, stack(0x005a0000,0x005f0000)]
=>0x03f08400 JavaThread "AWT-EventQueue-0" [_thread_in_native, id=3156, stack(0x04720000,0x04770000)]
  0x03f07800 JavaThread "AWT-Windows" daemon [_thread_in_native, id=2564, stack(0x044e0000,0x04530000)]
  0x03f07000 JavaThread "AWT-Shutdown" [_thread_blocked, id=2180, stack(0x04490000,0x044e0000)]
  0x03f04400 JavaThread "Java2D Disposer" daemon [_thread_blocked, id=432, stack(0x04310000,0x04360000)]
  0x01bdf000 JavaThread "Low Memory Detector" daemon [_thread_blocked, id=3932, stack(0x03e40000,0x03e90000)]
  0x01bda400 JavaThread "CompilerThread0" daemon [_thread_blocked, id=1348, stack(0x03df0000,0x03e40000)]
  0x01bd9400 JavaThread "Attach Listener" daemon [_thread_blocked, id=3000, stack(0x03da0000,0x03df0000)]
  0x01bd6400 JavaThread "Signal Dispatcher" daemon [_thread_blocked, id=3352, stack(0x03d50000,0x03da0000)]
  0x01b96c00 JavaThread "Finalizer" daemon [_thread_blocked, id=3028, stack(0x03d00000,0x03d50000)]
  0x01b92400 JavaThread "Reference Handler" daemon [_thread_blocked, id=2456, stack(0x03cb0000,0x03d00000)]

Other Threads:
  0x01b90400 VMThread [stack: 0x03c60000,0x03cb0000] [id=3016]
  0x01bf1400 WatcherThread [stack: 0x03e90000,0x03ee0000] [id=3684]

VM state:not at safepoint (normal execution)

VM Mutex/Monitor currently owned by a thread: None

Heap
 def new generation   total 4928K, used 4416K [0x23b30000, 0x24080000, 0x29080000)
  eden space 4416K,  94% used [0x23b30000, 0x23f42040, 0x23f80000)
  from space 512K,  48% used [0x23f80000, 0x23fbe338, 0x24000000)
  to   space 512K,   0% used [0x24000000, 0x24000000, 0x24080000)
 tenured generation   total 10944K, used 1126K [0x29080000, 0x29b30000, 0x33b30000)
   the space 10944K,  10% used [0x29080000, 0x29199818, 0x29199a00, 0x29b30000)
 compacting perm gen  total 12288K, used 4138K [0x33b30000, 0x34730000, 0x37b30000)
   the space 12288K,  33% used [0x33b30000, 0x33f3abe0, 0x33f3ac00, 0x34730000)
    ro space 10240K,  54% used [0x37b30000, 0x380ac0f0, 0x380ac200, 0x38530000)
    rw space 12288K,  55% used [0x38530000, 0x38bcfb80, 0x38bcfc00, 0x39130000)

Dynamic libraries:
0x00400000 - 0x00424000 	C:\Program Files\Java\jdk1.6.0_21\bin\java.exe
0x77900000 - 0x77a3c000 	C:\Windows\SYSTEM32\ntdll.dll
0x77180000 - 0x77254000 	C:\Windows\system32\kernel32.dll
0x75b00000 - 0x75b4a000 	C:\Windows\system32\KERNELBASE.dll
0x776b0000 - 0x77750000 	C:\Windows\system32\ADVAPI32.dll
0x75d90000 - 0x75e3c000 	C:\Windows\system32\msvcrt.dll
0x75d70000 - 0x75d89000 	C:\Windows\SYSTEM32\sechost.dll
0x77260000 - 0x77301000 	C:\Windows\system32\RPCRT4.dll
0x7c340000 - 0x7c396000 	C:\Program Files\Java\jdk1.6.0_21\jre\bin\msvcr71.dll
0x6d8b0000 - 0x6db57000 	C:\Program Files\Java\jdk1.6.0_21\jre\bin\client\jvm.dll
0x77a60000 - 0x77b29000 	C:\Windows\system32\USER32.dll
0x77750000 - 0x7779e000 	C:\Windows\system32\GDI32.dll
0x76d10000 - 0x76d1a000 	C:\Windows\system32\LPK.dll
0x77310000 - 0x773ad000 	C:\Windows\system32\USP10.dll
0x70040000 - 0x70072000 	C:\Windows\system32\WINMM.dll
0x77a40000 - 0x77a5f000 	C:\Windows\system32\IMM32.DLL
0x773b0000 - 0x7747c000 	C:\Windows\system32\MSCTF.dll
0x75950000 - 0x7599b000 	C:\Windows\system32\apphelp.dll
0x6d860000 - 0x6d86c000 	C:\Program Files\Java\jdk1.6.0_21\jre\bin\verify.dll
0x6d3e0000 - 0x6d3ff000 	C:\Program Files\Java\jdk1.6.0_21\jre\bin\java.dll
0x6d340000 - 0x6d348000 	C:\Program Files\Java\jdk1.6.0_21\jre\bin\hpi.dll
0x75d60000 - 0x75d65000 	C:\Windows\system32\PSAPI.DLL
0x6d8a0000 - 0x6d8af000 	C:\Program Files\Java\jdk1.6.0_21\jre\bin\zip.dll
0x040e0000 - 0x0422a000 	C:\Program Files\Java\jdk1.6.0_21\jre\bin\awt.dll
0x72ae0000 - 0x72b31000 	C:\Windows\system32\WINSPOOL.DRV
0x777a0000 - 0x778fc000 	C:\Windows\system32\ole32.dll
0x749e0000 - 0x74b7e000 	C:\Windows\WinSxS\x86_microsoft.windows.common-controls_6595b64144ccf1df_6.0.7600.16385_none_421189da2b7fabfc\COMCTL32.dll
0x77480000 - 0x774d7000 	C:\Windows\system32\SHLWAPI.dll
0x74460000 - 0x74473000 	C:\Windows\system32\DWMAPI.DLL
0x74800000 - 0x74840000 	C:\Windows\system32\uxtheme.dll
0x10000000 - 0x1026b000 	C:\Program Files\Xfire\xfire_toucan_43094.dll
0x726b0000 - 0x726b7000 	C:\Windows\system32\WSOCK32.dll
0x76ec0000 - 0x76ef5000 	C:\Windows\system32\WS2_32.dll
0x76b70000 - 0x76b76000 	C:\Windows\system32\NSI.dll
0x76c80000 - 0x76d0f000 	C:\Windows\system32\OLEAUT32.dll
0x74290000 - 0x74295000 	C:\Windows\system32\MSIMG32.dll
0x759a0000 - 0x759ac000 	C:\Windows\system32\CRYPTBASE.dll
0x6d2e0000 - 0x6d334000 	C:\Program Files\Java\jdk1.6.0_21\jre\bin\fontmanager.dll
0x6be40000 - 0x6c003000 	C:\Windows\system32\d3d9.dll
0x74f50000 - 0x74f59000 	C:\Windows\system32\VERSION.dll
0x749d0000 - 0x749d6000 	C:\Windows\system32\d3d8thk.dll
0x62260000 - 0x62665000 	C:\Windows\system32\atiumdag.dll
0x61a90000 - 0x61f34000 	C:\Windows\system32\atiumdva.dll
0x75f20000 - 0x76b69000 	C:\Windows\system32\shell32.dll
0x6d6c0000 - 0x6d6d3000 	C:\Program Files\Java\jdk1.6.0_21\jre\bin\net.dll
0x75480000 - 0x754bc000 	C:\Windows\system32\mswsock.dll
0x756c0000 - 0x756c6000 	C:\Windows\System32\wship6.dll
0x6d6e0000 - 0x6d6e9000 	C:\Program Files\Java\jdk1.6.0_21\jre\bin\nio.dll
0x6d250000 - 0x6d273000 	C:\Program Files\Java\jdk1.6.0_21\jre\bin\dcpr.dll
0x76d20000 - 0x76ebd000 	C:\Windows\system32\SETUPAPI.dll
0x75ad0000 - 0x75af7000 	C:\Windows\system32\CFGMGR32.dll
0x75d00000 - 0x75d12000 	C:\Windows\system32\DEVOBJ.dll
0x77620000 - 0x776a3000 	C:\Windows\system32\CLBCatQ.DLL
0x748a0000 - 0x74995000 	C:\Windows\system32\propsys.dll
0x73f80000 - 0x73fa1000 	C:\Windows\system32\ntmarta.dll
0x75e70000 - 0x75eb5000 	C:\Windows\system32\WLDAP32.dll
0x6fba0000 - 0x6fd38000 	C:\Windows\system32\NetworkExplorer.dll
0x71680000 - 0x716ae000 	C:\Windows\System32\shdocvw.dll
0x75a50000 - 0x75a5b000 	C:\Windows\system32\profapi.dll
0x73d90000 - 0x73d9a000 	C:\Windows\system32\slc.dll
0x72670000 - 0x72682000 	C:\Windows\system32\MPR.dll
0x72ce0000 - 0x72ce8000 	C:\Windows\System32\drprov.dll
0x759b0000 - 0x759d9000 	C:\Windows\System32\WINSTA.dll
0x6eee0000 - 0x6eef4000 	C:\Windows\System32\ntlanman.dll
0x6eec0000 - 0x6eed6000 	C:\Windows\System32\davclnt.dll
0x72cd0000 - 0x72cd8000 	C:\Windows\System32\DAVHLPR.dll
0x741d0000 - 0x741df000 	C:\Windows\system32\wkscli.dll
0x72180000 - 0x7218b000 	C:\Windows\system32\cscapi.dll
0x74240000 - 0x74249000 	C:\Windows\system32\netutils.dll
0x675a0000 - 0x677d8000 	C:\Windows\system32\wpdshext.dll
0x74670000 - 0x74800000 	C:\Windows\WinSxS\x86_microsoft.windows.gdiplus_6595b64144ccf1df_1.1.7600.16385_none_72fc7cbf861225ca\gdiplus.dll
0x6f3a0000 - 0x6f429000 	C:\Windows\system32\PortableDeviceApi.dll
0x75d20000 - 0x75d4d000 	C:\Windows\system32\WINTRUST.dll
0x75be0000 - 0x75cfc000 	C:\Windows\system32\CRYPT32.dll
0x75ac0000 - 0x75acc000 	C:\Windows\system32\MSASN1.dll
0x6ee80000 - 0x6eebf000 	C:\Windows\system32\audiodev.dll
0x67330000 - 0x67597000 	C:\Windows\system32\WMVCore.DLL
0x6ee40000 - 0x6ee7d000 	C:\Windows\system32\WMASF.DLL
0x72190000 - 0x721c1000 	C:\Windows\system32\EhStorShell.dll
0x6de10000 - 0x6de32000 	C:\Windows\system32\EhStorAPI.dll
0x71670000 - 0x71679000 	C:\Windows\system32\LINKINFO.dll
0x754c0000 - 0x754d6000 	C:\Windows\system32\CRYPTSP.dll
0x75270000 - 0x752ab000 	C:\Windows\system32\rsaenh.dll
0x750b0000 - 0x750c7000 	C:\Windows\system32\USERENV.dll
0x73e10000 - 0x73e20000 	C:\Windows\system32\NLAapi.dll
0x75350000 - 0x75394000 	C:\Windows\system32\DNSAPI.dll
0x73840000 - 0x73848000 	C:\Windows\System32\winrnr.dll
0x727a0000 - 0x727b0000 	C:\Windows\system32\napinsp.dll
0x72780000 - 0x72792000 	C:\Windows\system32\pnrpnsp.dll
0x72770000 - 0x7277d000 	C:\Windows\system32\wshbth.dll
0x74fe0000 - 0x74fe5000 	C:\Windows\System32\wshtcpip.dll
0x73bd0000 - 0x73bec000 	C:\Windows\system32\IPHLPAPI.DLL
0x73bc0000 - 0x73bc7000 	C:\Windows\system32\WINNSI.DLL
0x70410000 - 0x70416000 	C:\Windows\system32\rasadhlp.dll
0x73aa0000 - 0x73ad8000 	C:\Windows\System32\fwpuclnt.dll
0x06650000 - 0x066a4000 	C:\Users\Joaquín\AppData\Local\Temp\jna7228302109228508073.dll
0x07790000 - 0x07834000 	C:\Program Files\OSSBuild\GStreamer\v0.10.6\bin\libgstreamer-0.10.dll
0x685c0000 - 0x686c5000 	C:\Program Files\OSSBuild\GStreamer\v0.10.6\bin\libglib-2.0-0.dll
0x63a40000 - 0x63a7d000 	C:\Program Files\OSSBuild\GStreamer\v0.10.6\bin\libgobject-2.0-0.dll
0x65c40000 - 0x65c4a000 	C:\Program Files\OSSBuild\GStreamer\v0.10.6\bin\libgthread-2.0-0.dll
0x6dd00000 - 0x6dd09000 	C:\Program Files\OSSBuild\GStreamer\v0.10.6\bin\libgmodule-2.0-0.dll
0x70f40000 - 0x71094000 	C:\Program Files\OSSBuild\GStreamer\v0.10.6\bin\libxml2-2.dll
0x00250000 - 0x0025a000 	C:\Program Files\OSSBuild\GStreamer\v0.10.6\bin\iconv.dll
0x66580000 - 0x66599000 	C:\Program Files\OSSBuild\GStreamer\v0.10.6\bin\z.dll
0x75820000 - 0x7583a000 	C:\Windows\system32\SspiCli.dll
0x00380000 - 0x00399000 	C:\gstreamer\lib\gstreamer-0.10\libgstasfdemux.dll
0x003a0000 - 0x003a9000 	C:\Program Files\OSSBuild\GStreamer\v0.10.6\bin\libgstsdp-0.10.dll
0x003b0000 - 0x003c4000 	C:\Program Files\OSSBuild\GStreamer\v0.10.6\bin\libgstrtsp-0.10.dll
0x00540000 - 0x00551000 	C:\Program Files\OSSBuild\GStreamer\v0.10.6\bin\libgstrtp-0.10.dll
0x065c0000 - 0x065f1000 	C:\Program Files\OSSBuild\GStreamer\v0.10.6\bin\libgstbase-0.10.dll
0x00560000 - 0x0056c000 	C:\Program Files\OSSBuild\GStreamer\v0.10.6\bin\libgstriff-0.10.dll
0x00570000 - 0x00580000 	C:\Program Files\OSSBuild\GStreamer\v0.10.6\bin\libgsttag-0.10.dll
0x07f30000 - 0x07f4c000 	C:\Program Files\OSSBuild\GStreamer\v0.10.6\bin\libgstaudio-0.10.dll
0x00580000 - 0x00590000 	C:\Program Files\OSSBuild\GStreamer\v0.10.6\bin\libgstinterfaces-0.10.dll
0x00700000 - 0x00708000 	C:\gstreamer\lib\gstreamer-0.10\libgstdts.dll
0x6c9c0000 - 0x6ca3a000 	C:\Program Files\OSSBuild\GStreamer\v0.10.6\bin\liboil-0.3-0.dll
0x66080000 - 0x660ab000 	C:\Program Files\OSSBuild\GStreamer\v0.10.6\bin\libdca-0.dll
0x06600000 - 0x06608000 	C:\gstreamer\lib\gstreamer-0.10\libgstflx.dll
0x07f50000 - 0x07f57000 	C:\gstreamer\lib\gstreamer-0.10\libgstlibmms.dll
0x64640000 - 0x64654000 	C:\Program Files\OSSBuild\GStreamer\v0.10.6\bin\libmms-0.dll
0x07f60000 - 0x07f68000 	C:\gstreamer\lib\gstreamer-0.10\libgstneon.dll
0x07f70000 - 0x07f98000 	C:\Program Files\OSSBuild\GStreamer\v0.10.6\bin\libneon-27.dll
0x68f40000 - 0x68f6c000 	C:\Program Files\OSSBuild\GStreamer\v0.10.6\bin\libexpat-1.dll
0x07fa0000 - 0x0803c000 	C:\Program Files\OSSBuild\GStreamer\v0.10.6\bin\libgcrypt-11.dll
0x08040000 - 0x08051000 	C:\Program Files\OSSBuild\GStreamer\v0.10.6\bin\libgpg-error-0.dll
0x66780000 - 0x6682e000 	C:\Program Files\OSSBuild\GStreamer\v0.10.6\bin\libgnutls-26.dll
0x70c80000 - 0x70c9a000 	C:\Program Files\OSSBuild\GStreamer\v0.10.6\bin\libtasn1-3.dll
0x08060000 - 0x0806c000 	C:\gstreamer\lib\gstreamer-0.10\libgstqueue2.dll

VM Arguments:
jvm_args: -Dfile.encoding=UTF-8 
java_command: Interfaz.Principal
Launcher Type: SUN_STANDARD

Environment Variables:
PATH=C:\Program Files\OSSBuild\GStreamer\v0.10.6\bin;C:\Windows\system32;C:\Windows;C:\Windows\System32\Wbem;C:\Windows\System32\WindowsPowerShell\v1.0\
USERNAME=Joaquín
OS=Windows_NT
PROCESSOR_IDENTIFIER=x86 Family 6 Model 23 Stepping 6, GenuineIntel



---------------  S Y S T E M  ---------------

OS: Windows 7 Build 7600 

CPU:total 2 (2 cores per cpu, 1 threads per core) family 6 model 23 stepping 6, cmov, cx8, fxsr, mmx, sse, sse2, sse3, ssse3, sse4.1

Memory: 4k page, physical 3144104k(1649948k free), swap 6286444k(4528048k free)

vm_info: Java HotSpot(TM) Client VM (17.0-b16) for windows-x86 JRE (1.6.0_21-b06), built on Jun 22 2010 00:56:49 by "java_re" with MS VC++ 7.1 (VS2003)

time: Tue Aug 03 19:18:12 2010
elapsed time: 28 seconds

